2014-01-01 23:06:01 Notice: Notice (8): Uninitialized string offset: 0 in [/Users/seyia/Documents/WWW/apache2/htdocs/cakephp/starz/Controller/ClientsController.php, line 47]
Trace:
ClientsController::logoUpload() - APP/Controller/ClientsController.php, line 47
ReflectionMethod::invokeArgs() - [internal], line ??
Controller::invokeAction() - CORE/Cake/Controller/Controller.php, line 490
Dispatcher::_invoke() - CORE/Cake/Routing/Dispatcher.php, line 185
Dispatcher::dispatch() - CORE/Cake/Routing/Dispatcher.php, line 160
[main] - APP/webroot/index.php, line 108

2014-01-01 23:06:01 Notice: Notice (8): Uninitialized string offset: 0 in [/Users/seyia/Documents/WWW/apache2/htdocs/cakephp/starz/Controller/ClientsController.php, line 50]
Trace:
ClientsController::logoUpload() - APP/Controller/ClientsController.php, line 50
ReflectionMethod::invokeArgs() - [internal], line ??
Controller::invokeAction() - CORE/Cake/Controller/Controller.php, line 490
Dispatcher::_invoke() - CORE/Cake/Routing/Dispatcher.php, line 185
Dispatcher::dispatch() - CORE/Cake/Routing/Dispatcher.php, line 160
[main] - APP/webroot/index.php, line 108

2014-01-01 23:06:02 Notice: Notice (8): Uninitialized string offset: 0 in [/Users/seyia/Documents/WWW/apache2/htdocs/cakephp/starz/Controller/ClientsController.php, line 47]
Trace:
ClientsController::logoUpload() - APP/Controller/ClientsController.php, line 47
ReflectionMethod::invokeArgs() - [internal], line ??
Controller::invokeAction() - CORE/Cake/Controller/Controller.php, line 490
Dispatcher::_invoke() - CORE/Cake/Routing/Dispatcher.php, line 185
Dispatcher::dispatch() - CORE/Cake/Routing/Dispatcher.php, line 160
[main] - APP/webroot/index.php, line 108

2014-01-01 23:06:02 Notice: Notice (8): Uninitialized string offset: 0 in [/Users/seyia/Documents/WWW/apache2/htdocs/cakephp/starz/Controller/ClientsController.php, line 50]
Trace:
ClientsController::logoUpload() - APP/Controller/ClientsController.php, line 50
ReflectionMethod::invokeArgs() - [internal], line ??
Controller::invokeAction() - CORE/Cake/Controller/Controller.php, line 490
Dispatcher::_invoke() - CORE/Cake/Routing/Dispatcher.php, line 185
Dispatcher::dispatch() - CORE/Cake/Routing/Dispatcher.php, line 160
[main] - APP/webroot/index.php, line 108

2014-01-01 23:06:03 Notice: Notice (8): Uninitialized string offset: 0 in [/Users/seyia/Documents/WWW/apache2/htdocs/cakephp/starz/Controller/ClientsController.php, line 47]
Trace:
ClientsController::logoUpload() - APP/Controller/ClientsController.php, line 47
ReflectionMethod::invokeArgs() - [internal], line ??
Controller::invokeAction() - CORE/Cake/Controller/Controller.php, line 490
Dispatcher::_invoke() - CORE/Cake/Routing/Dispatcher.php, line 185
Dispatcher::dispatch() - CORE/Cake/Routing/Dispatcher.php, line 160
[main] - APP/webroot/index.php, line 108

2014-01-01 23:06:03 Notice: Notice (8): Uninitialized string offset: 0 in [/Users/seyia/Documents/WWW/apache2/htdocs/cakephp/starz/Controller/ClientsController.php, line 50]
Trace:
ClientsController::logoUpload() - APP/Controller/ClientsController.php, line 50
ReflectionMethod::invokeArgs() - [internal], line ??
Controller::invokeAction() - CORE/Cake/Controller/Controller.php, line 490
Dispatcher::_invoke() - CORE/Cake/Routing/Dispatcher.php, line 185
Dispatcher::dispatch() - CORE/Cake/Routing/Dispatcher.php, line 160
[main] - APP/webroot/index.php, line 108

2014-01-01 23:06:03 Notice: Notice (8): Uninitialized string offset: 0 in [/Users/seyia/Documents/WWW/apache2/htdocs/cakephp/starz/Controller/ClientsController.php, line 47]
Trace:
ClientsController::logoUpload() - APP/Controller/ClientsController.php, line 47
ReflectionMethod::invokeArgs() - [internal], line ??
Controller::invokeAction() - CORE/Cake/Controller/Controller.php, line 490
Dispatcher::_invoke() - CORE/Cake/Routing/Dispatcher.php, line 185
Dispatcher::dispatch() - CORE/Cake/Routing/Dispatcher.php, line 160
[main] - APP/webroot/index.php, line 108

2014-01-01 23:06:03 Notice: Notice (8): Uninitialized string offset: 0 in [/Users/seyia/Documents/WWW/apache2/htdocs/cakephp/starz/Controller/ClientsController.php, line 50]
Trace:
ClientsController::logoUpload() - APP/Controller/ClientsController.php, line 50
ReflectionMethod::invokeArgs() - [internal], line ??
Controller::invokeAction() - CORE/Cake/Controller/Controller.php, line 490
Dispatcher::_invoke() - CORE/Cake/Routing/Dispatcher.php, line 185
Dispatcher::dispatch() - CORE/Cake/Routing/Dispatcher.php, line 160
[main] - APP/webroot/index.php, line 108

2014-01-01 23:06:04 Notice: Notice (8): Uninitialized string offset: 0 in [/Users/seyia/Documents/WWW/apache2/htdocs/cakephp/starz/Controller/ClientsController.php, line 47]
Trace:
ClientsController::logoUpload() - APP/Controller/ClientsController.php, line 47
ReflectionMethod::invokeArgs() - [internal], line ??
Controller::invokeAction() - CORE/Cake/Controller/Controller.php, line 490
Dispatcher::_invoke() - CORE/Cake/Routing/Dispatcher.php, line 185
Dispatcher::dispatch() - CORE/Cake/Routing/Dispatcher.php, line 160
[main] - APP/webroot/index.php, line 108

2014-01-01 23:06:04 Notice: Notice (8): Uninitialized string offset: 0 in [/Users/seyia/Documents/WWW/apache2/htdocs/cakephp/starz/Controller/ClientsController.php, line 50]
Trace:
ClientsController::logoUpload() - APP/Controller/ClientsController.php, line 50
ReflectionMethod::invokeArgs() - [internal], line ??
Controller::invokeAction() - CORE/Cake/Controller/Controller.php, line 490
Dispatcher::_invoke() - CORE/Cake/Routing/Dispatcher.php, line 185
Dispatcher::dispatch() - CORE/Cake/Routing/Dispatcher.php, line 160
[main] - APP/webroot/index.php, line 108

2014-01-01 23:06:04 Notice: Notice (8): Uninitialized string offset: 0 in [/Users/seyia/Documents/WWW/apache2/htdocs/cakephp/starz/Controller/ClientsController.php, line 47]
Trace:
ClientsController::logoUpload() - APP/Controller/ClientsController.php, line 47
ReflectionMethod::invokeArgs() - [internal], line ??
Controller::invokeAction() - CORE/Cake/Controller/Controller.php, line 490
Dispatcher::_invoke() - CORE/Cake/Routing/Dispatcher.php, line 185
Dispatcher::dispatch() - CORE/Cake/Routing/Dispatcher.php, line 160
[main] - APP/webroot/index.php, line 108

2014-01-01 23:06:04 Notice: Notice (8): Uninitialized string offset: 0 in [/Users/seyia/Documents/WWW/apache2/htdocs/cakephp/starz/Controller/ClientsController.php, line 50]
Trace:
ClientsController::logoUpload() - APP/Controller/ClientsController.php, line 50
ReflectionMethod::invokeArgs() - [internal], line ??
Controller::invokeAction() - CORE/Cake/Controller/Controller.php, line 490
Dispatcher::_invoke() - CORE/Cake/Routing/Dispatcher.php, line 185
Dispatcher::dispatch() - CORE/Cake/Routing/Dispatcher.php, line 160
[main] - APP/webroot/index.php, line 108

2014-01-01 23:06:04 Notice: Notice (8): Uninitialized string offset: 0 in [/Users/seyia/Documents/WWW/apache2/htdocs/cakephp/starz/Controller/ClientsController.php, line 47]
Trace:
ClientsController::logoUpload() - APP/Controller/ClientsController.php, line 47
ReflectionMethod::invokeArgs() - [internal], line ??
Controller::invokeAction() - CORE/Cake/Controller/Controller.php, line 490
Dispatcher::_invoke() - CORE/Cake/Routing/Dispatcher.php, line 185
Dispatcher::dispatch() - CORE/Cake/Routing/Dispatcher.php, line 160
[main] - APP/webroot/index.php, line 108

2014-01-01 23:06:04 Notice: Notice (8): Uninitialized string offset: 0 in [/Users/seyia/Documents/WWW/apache2/htdocs/cakephp/starz/Controller/ClientsController.php, line 50]
Trace:
ClientsController::logoUpload() - APP/Controller/ClientsController.php, line 50
ReflectionMethod::invokeArgs() - [internal], line ??
Controller::invokeAction() - CORE/Cake/Controller/Controller.php, line 490
Dispatcher::_invoke() - CORE/Cake/Routing/Dispatcher.php, line 185
Dispatcher::dispatch() - CORE/Cake/Routing/Dispatcher.php, line 160
[main] - APP/webroot/index.php, line 108

2014-01-01 23:06:05 Notice: Notice (8): Uninitialized string offset: 0 in [/Users/seyia/Documents/WWW/apache2/htdocs/cakephp/starz/Controller/ClientsController.php, line 47]
Trace:
ClientsController::logoUpload() - APP/Controller/ClientsController.php, line 47
ReflectionMethod::invokeArgs() - [internal], line ??
Controller::invokeAction() - CORE/Cake/Controller/Controller.php, line 490
Dispatcher::_invoke() - CORE/Cake/Routing/Dispatcher.php, line 185
Dispatcher::dispatch() - CORE/Cake/Routing/Dispatcher.php, line 160
[main] - APP/webroot/index.php, line 108

2014-01-01 23:06:05 Notice: Notice (8): Uninitialized string offset: 0 in [/Users/seyia/Documents/WWW/apache2/htdocs/cakephp/starz/Controller/ClientsController.php, line 50]
Trace:
ClientsController::logoUpload() - APP/Controller/ClientsController.php, line 50
ReflectionMethod::invokeArgs() - [internal], line ??
Controller::invokeAction() - CORE/Cake/Controller/Controller.php, line 490
Dispatcher::_invoke() - CORE/Cake/Routing/Dispatcher.php, line 185
Dispatcher::dispatch() - CORE/Cake/Routing/Dispatcher.php, line 160
[main] - APP/webroot/index.php, line 108

2014-01-01 23:06:22 Notice: Notice (8): Uninitialized string offset: 0 in [/Users/seyia/Documents/WWW/apache2/htdocs/cakephp/starz/Controller/ClientsController.php, line 47]
Trace:
ClientsController::logoUpload() - APP/Controller/ClientsController.php, line 47
ReflectionMethod::invokeArgs() - [internal], line ??
Controller::invokeAction() - CORE/Cake/Controller/Controller.php, line 490
Dispatcher::_invoke() - CORE/Cake/Routing/Dispatcher.php, line 185
Dispatcher::dispatch() - CORE/Cake/Routing/Dispatcher.php, line 160
[main] - APP/webroot/index.php, line 108

2014-01-01 23:06:22 Notice: Notice (8): Uninitialized string offset: 0 in [/Users/seyia/Documents/WWW/apache2/htdocs/cakephp/starz/Controller/ClientsController.php, line 50]
Trace:
ClientsController::logoUpload() - APP/Controller/ClientsController.php, line 50
ReflectionMethod::invokeArgs() - [internal], line ??
Controller::invokeAction() - CORE/Cake/Controller/Controller.php, line 490
Dispatcher::_invoke() - CORE/Cake/Routing/Dispatcher.php, line 185
Dispatcher::dispatch() - CORE/Cake/Routing/Dispatcher.php, line 160
[main] - APP/webroot/index.php, line 108

2014-01-01 23:06:40 Notice: Notice (8): Uninitialized string offset: 0 in [/Users/seyia/Documents/WWW/apache2/htdocs/cakephp/starz/Controller/ClientsController.php, line 47]
Trace:
ClientsController::logoUpload() - APP/Controller/ClientsController.php, line 47
ReflectionMethod::invokeArgs() - [internal], line ??
Controller::invokeAction() - CORE/Cake/Controller/Controller.php, line 490
Dispatcher::_invoke() - CORE/Cake/Routing/Dispatcher.php, line 185
Dispatcher::dispatch() - CORE/Cake/Routing/Dispatcher.php, line 160
[main] - APP/webroot/index.php, line 108

2014-01-01 23:06:40 Notice: Notice (8): Uninitialized string offset: 0 in [/Users/seyia/Documents/WWW/apache2/htdocs/cakephp/starz/Controller/ClientsController.php, line 50]
Trace:
ClientsController::logoUpload() - APP/Controller/ClientsController.php, line 50
ReflectionMethod::invokeArgs() - [internal], line ??
Controller::invokeAction() - CORE/Cake/Controller/Controller.php, line 490
Dispatcher::_invoke() - CORE/Cake/Routing/Dispatcher.php, line 185
Dispatcher::dispatch() - CORE/Cake/Routing/Dispatcher.php, line 160
[main] - APP/webroot/index.php, line 108

2014-01-01 23:06:43 Notice: Notice (8): Uninitialized string offset: 0 in [/Users/seyia/Documents/WWW/apache2/htdocs/cakephp/starz/Controller/ClientsController.php, line 47]
Trace:
ClientsController::logoUpload() - APP/Controller/ClientsController.php, line 47
ReflectionMethod::invokeArgs() - [internal], line ??
Controller::invokeAction() - CORE/Cake/Controller/Controller.php, line 490
Dispatcher::_invoke() - CORE/Cake/Routing/Dispatcher.php, line 185
Dispatcher::dispatch() - CORE/Cake/Routing/Dispatcher.php, line 160
[main] - APP/webroot/index.php, line 108

2014-01-01 23:06:43 Notice: Notice (8): Uninitialized string offset: 0 in [/Users/seyia/Documents/WWW/apache2/htdocs/cakephp/starz/Controller/ClientsController.php, line 50]
Trace:
ClientsController::logoUpload() - APP/Controller/ClientsController.php, line 50
ReflectionMethod::invokeArgs() - [internal], line ??
Controller::invokeAction() - CORE/Cake/Controller/Controller.php, line 490
Dispatcher::_invoke() - CORE/Cake/Routing/Dispatcher.php, line 185
Dispatcher::dispatch() - CORE/Cake/Routing/Dispatcher.php, line 160
[main] - APP/webroot/index.php, line 108

2014-01-01 23:06:44 Notice: Notice (8): Uninitialized string offset: 0 in [/Users/seyia/Documents/WWW/apache2/htdocs/cakephp/starz/Controller/ClientsController.php, line 47]
Trace:
ClientsController::logoUpload() - APP/Controller/ClientsController.php, line 47
ReflectionMethod::invokeArgs() - [internal], line ??
Controller::invokeAction() - CORE/Cake/Controller/Controller.php, line 490
Dispatcher::_invoke() - CORE/Cake/Routing/Dispatcher.php, line 185
Dispatcher::dispatch() - CORE/Cake/Routing/Dispatcher.php, line 160
[main] - APP/webroot/index.php, line 108

2014-01-01 23:06:44 Notice: Notice (8): Uninitialized string offset: 0 in [/Users/seyia/Documents/WWW/apache2/htdocs/cakephp/starz/Controller/ClientsController.php, line 50]
Trace:
ClientsController::logoUpload() - APP/Controller/ClientsController.php, line 50
ReflectionMethod::invokeArgs() - [internal], line ??
Controller::invokeAction() - CORE/Cake/Controller/Controller.php, line 490
Dispatcher::_invoke() - CORE/Cake/Routing/Dispatcher.php, line 185
Dispatcher::dispatch() - CORE/Cake/Routing/Dispatcher.php, line 160
[main] - APP/webroot/index.php, line 108

2014-01-01 23:06:44 Notice: Notice (8): Uninitialized string offset: 0 in [/Users/seyia/Documents/WWW/apache2/htdocs/cakephp/starz/Controller/ClientsController.php, line 47]
Trace:
ClientsController::logoUpload() - APP/Controller/ClientsController.php, line 47
ReflectionMethod::invokeArgs() - [internal], line ??
Controller::invokeAction() - CORE/Cake/Controller/Controller.php, line 490
Dispatcher::_invoke() - CORE/Cake/Routing/Dispatcher.php, line 185
Dispatcher::dispatch() - CORE/Cake/Routing/Dispatcher.php, line 160
[main] - APP/webroot/index.php, line 108

2014-01-01 23:06:44 Notice: Notice (8): Uninitialized string offset: 0 in [/Users/seyia/Documents/WWW/apache2/htdocs/cakephp/starz/Controller/ClientsController.php, line 50]
Trace:
ClientsController::logoUpload() - APP/Controller/ClientsController.php, line 50
ReflectionMethod::invokeArgs() - [internal], line ??
Controller::invokeAction() - CORE/Cake/Controller/Controller.php, line 490
Dispatcher::_invoke() - CORE/Cake/Routing/Dispatcher.php, line 185
Dispatcher::dispatch() - CORE/Cake/Routing/Dispatcher.php, line 160
[main] - APP/webroot/index.php, line 108

2014-01-01 23:06:45 Notice: Notice (8): Uninitialized string offset: 0 in [/Users/seyia/Documents/WWW/apache2/htdocs/cakephp/starz/Controller/ClientsController.php, line 47]
Trace:
ClientsController::logoUpload() - APP/Controller/ClientsController.php, line 47
ReflectionMethod::invokeArgs() - [internal], line ??
Controller::invokeAction() - CORE/Cake/Controller/Controller.php, line 490
Dispatcher::_invoke() - CORE/Cake/Routing/Dispatcher.php, line 185
Dispatcher::dispatch() - CORE/Cake/Routing/Dispatcher.php, line 160
[main] - APP/webroot/index.php, line 108

2014-01-01 23:06:45 Notice: Notice (8): Uninitialized string offset: 0 in [/Users/seyia/Documents/WWW/apache2/htdocs/cakephp/starz/Controller/ClientsController.php, line 50]
Trace:
ClientsController::logoUpload() - APP/Controller/ClientsController.php, line 50
ReflectionMethod::invokeArgs() - [internal], line ??
Controller::invokeAction() - CORE/Cake/Controller/Controller.php, line 490
Dispatcher::_invoke() - CORE/Cake/Routing/Dispatcher.php, line 185
Dispatcher::dispatch() - CORE/Cake/Routing/Dispatcher.php, line 160
[main] - APP/webroot/index.php, line 108

2014-01-01 23:06:51 Notice: Notice (8): Uninitialized string offset: 0 in [/Users/seyia/Documents/WWW/apache2/htdocs/cakephp/starz/Controller/ClientsController.php, line 47]
Trace:
ClientsController::logoUpload() - APP/Controller/ClientsController.php, line 47
ReflectionMethod::invokeArgs() - [internal], line ??
Controller::invokeAction() - CORE/Cake/Controller/Controller.php, line 490
Dispatcher::_invoke() - CORE/Cake/Routing/Dispatcher.php, line 185
Dispatcher::dispatch() - CORE/Cake/Routing/Dispatcher.php, line 160
[main] - APP/webroot/index.php, line 108

2014-01-01 23:06:51 Notice: Notice (8): Uninitialized string offset: 0 in [/Users/seyia/Documents/WWW/apache2/htdocs/cakephp/starz/Controller/ClientsController.php, line 50]
Trace:
ClientsController::logoUpload() - APP/Controller/ClientsController.php, line 50
ReflectionMethod::invokeArgs() - [internal], line ??
Controller::invokeAction() - CORE/Cake/Controller/Controller.php, line 490
Dispatcher::_invoke() - CORE/Cake/Routing/Dispatcher.php, line 185
Dispatcher::dispatch() - CORE/Cake/Routing/Dispatcher.php, line 160
[main] - APP/webroot/index.php, line 108

2014-01-01 23:07:11 Notice: Notice (8): Uninitialized string offset: 0 in [/Users/seyia/Documents/WWW/apache2/htdocs/cakephp/starz/Controller/ClientsController.php, line 47]
Trace:
ClientsController::logoUpload() - APP/Controller/ClientsController.php, line 47
ReflectionMethod::invokeArgs() - [internal], line ??
Controller::invokeAction() - CORE/Cake/Controller/Controller.php, line 490
Dispatcher::_invoke() - CORE/Cake/Routing/Dispatcher.php, line 185
Dispatcher::dispatch() - CORE/Cake/Routing/Dispatcher.php, line 160
[main] - APP/webroot/index.php, line 108

2014-01-01 23:07:11 Notice: Notice (8): Uninitialized string offset: 0 in [/Users/seyia/Documents/WWW/apache2/htdocs/cakephp/starz/Controller/ClientsController.php, line 50]
Trace:
ClientsController::logoUpload() - APP/Controller/ClientsController.php, line 50
ReflectionMethod::invokeArgs() - [internal], line ??
Controller::invokeAction() - CORE/Cake/Controller/Controller.php, line 490
Dispatcher::_invoke() - CORE/Cake/Routing/Dispatcher.php, line 185
Dispatcher::dispatch() - CORE/Cake/Routing/Dispatcher.php, line 160
[main] - APP/webroot/index.php, line 108

2014-01-01 23:08:50 Notice: Notice (8): Uninitialized string offset: 0 in [/Users/seyia/Documents/WWW/apache2/htdocs/cakephp/starz/Controller/ClientsController.php, line 47]
Trace:
ClientsController::logoUpload() - APP/Controller/ClientsController.php, line 47
ReflectionMethod::invokeArgs() - [internal], line ??
Controller::invokeAction() - CORE/Cake/Controller/Controller.php, line 490
Dispatcher::_invoke() - CORE/Cake/Routing/Dispatcher.php, line 185
Dispatcher::dispatch() - CORE/Cake/Routing/Dispatcher.php, line 160
[main] - APP/webroot/index.php, line 108

2014-01-01 23:08:50 Notice: Notice (8): Uninitialized string offset: 0 in [/Users/seyia/Documents/WWW/apache2/htdocs/cakephp/starz/Controller/ClientsController.php, line 50]
Trace:
ClientsController::logoUpload() - APP/Controller/ClientsController.php, line 50
ReflectionMethod::invokeArgs() - [internal], line ??
Controller::invokeAction() - CORE/Cake/Controller/Controller.php, line 490
Dispatcher::_invoke() - CORE/Cake/Routing/Dispatcher.php, line 185
Dispatcher::dispatch() - CORE/Cake/Routing/Dispatcher.php, line 160
[main] - APP/webroot/index.php, line 108

2014-01-01 23:09:31 Notice: Notice (8): Uninitialized string offset: 0 in [/Users/seyia/Documents/WWW/apache2/htdocs/cakephp/starz/Controller/ClientsController.php, line 47]
Trace:
ClientsController::logoUpload() - APP/Controller/ClientsController.php, line 47
ReflectionMethod::invokeArgs() - [internal], line ??
Controller::invokeAction() - CORE/Cake/Controller/Controller.php, line 490
Dispatcher::_invoke() - CORE/Cake/Routing/Dispatcher.php, line 185
Dispatcher::dispatch() - CORE/Cake/Routing/Dispatcher.php, line 160
[main] - APP/webroot/index.php, line 108

2014-01-01 23:09:31 Notice: Notice (8): Uninitialized string offset: 0 in [/Users/seyia/Documents/WWW/apache2/htdocs/cakephp/starz/Controller/ClientsController.php, line 50]
Trace:
ClientsController::logoUpload() - APP/Controller/ClientsController.php, line 50
ReflectionMethod::invokeArgs() - [internal], line ??
Controller::invokeAction() - CORE/Cake/Controller/Controller.php, line 490
Dispatcher::_invoke() - CORE/Cake/Routing/Dispatcher.php, line 185
Dispatcher::dispatch() - CORE/Cake/Routing/Dispatcher.php, line 160
[main] - APP/webroot/index.php, line 108

2014-01-01 23:32:04 Notice: Notice (8): Uninitialized string offset: 0 in [/Users/seyia/Documents/WWW/apache2/htdocs/cakephp/starz/Controller/ClientsController.php, line 47]
Trace:
ClientsController::logoUpload() - APP/Controller/ClientsController.php, line 47
ReflectionMethod::invokeArgs() - [internal], line ??
Controller::invokeAction() - CORE/Cake/Controller/Controller.php, line 490
Dispatcher::_invoke() - CORE/Cake/Routing/Dispatcher.php, line 185
Dispatcher::dispatch() - CORE/Cake/Routing/Dispatcher.php, line 160
[main] - APP/webroot/index.php, line 108

2014-01-01 23:32:04 Notice: Notice (8): Uninitialized string offset: 0 in [/Users/seyia/Documents/WWW/apache2/htdocs/cakephp/starz/Controller/ClientsController.php, line 67]
Trace:
ClientsController::logoUpload() - APP/Controller/ClientsController.php, line 67
ReflectionMethod::invokeArgs() - [internal], line ??
Controller::invokeAction() - CORE/Cake/Controller/Controller.php, line 490
Dispatcher::_invoke() - CORE/Cake/Routing/Dispatcher.php, line 185
Dispatcher::dispatch() - CORE/Cake/Routing/Dispatcher.php, line 160
[main] - APP/webroot/index.php, line 108

2014-01-01 23:32:04 Notice: Notice (8): Uninitialized string offset: 0 in [/Users/seyia/Documents/WWW/apache2/htdocs/cakephp/starz/Controller/ClientsController.php, line 47]
Trace:
ClientsController::logoUpload() - APP/Controller/ClientsController.php, line 47
ReflectionMethod::invokeArgs() - [internal], line ??
Controller::invokeAction() - CORE/Cake/Controller/Controller.php, line 490
Dispatcher::_invoke() - CORE/Cake/Routing/Dispatcher.php, line 185
Dispatcher::dispatch() - CORE/Cake/Routing/Dispatcher.php, line 160
[main] - APP/webroot/index.php, line 108

2014-01-01 23:32:04 Notice: Notice (8): Uninitialized string offset: 0 in [/Users/seyia/Documents/WWW/apache2/htdocs/cakephp/starz/Controller/ClientsController.php, line 67]
Trace:
ClientsController::logoUpload() - APP/Controller/ClientsController.php, line 67
ReflectionMethod::invokeArgs() - [internal], line ??
Controller::invokeAction() - CORE/Cake/Controller/Controller.php, line 490
Dispatcher::_invoke() - CORE/Cake/Routing/Dispatcher.php, line 185
Dispatcher::dispatch() - CORE/Cake/Routing/Dispatcher.php, line 160
[main] - APP/webroot/index.php, line 108

2014-01-01 23:35:59 Notice: Notice (8): Uninitialized string offset: 0 in [/Users/seyia/Documents/WWW/apache2/htdocs/cakephp/starz/Controller/ClientsController.php, line 47]
Trace:
ClientsController::logoUpload() - APP/Controller/ClientsController.php, line 47
ReflectionMethod::invokeArgs() - [internal], line ??
Controller::invokeAction() - CORE/Cake/Controller/Controller.php, line 490
Dispatcher::_invoke() - CORE/Cake/Routing/Dispatcher.php, line 185
Dispatcher::dispatch() - CORE/Cake/Routing/Dispatcher.php, line 160
[main] - APP/webroot/index.php, line 108

2014-01-01 23:38:21 Notice: Notice (8): Uninitialized string offset: 0 in [/Users/seyia/Documents/WWW/apache2/htdocs/cakephp/starz/Controller/ClientsController.php, line 47]
Trace:
ClientsController::logoUpload() - APP/Controller/ClientsController.php, line 47
ReflectionMethod::invokeArgs() - [internal], line ??
Controller::invokeAction() - CORE/Cake/Controller/Controller.php, line 490
Dispatcher::_invoke() - CORE/Cake/Routing/Dispatcher.php, line 185
Dispatcher::dispatch() - CORE/Cake/Routing/Dispatcher.php, line 160
[main] - APP/webroot/index.php, line 108

2014-01-01 23:38:25 Notice: Notice (8): Uninitialized string offset: 0 in [/Users/seyia/Documents/WWW/apache2/htdocs/cakephp/starz/Controller/ClientsController.php, line 47]
Trace:
ClientsController::logoUpload() - APP/Controller/ClientsController.php, line 47
ReflectionMethod::invokeArgs() - [internal], line ??
Controller::invokeAction() - CORE/Cake/Controller/Controller.php, line 490
Dispatcher::_invoke() - CORE/Cake/Routing/Dispatcher.php, line 185
Dispatcher::dispatch() - CORE/Cake/Routing/Dispatcher.php, line 160
[main] - APP/webroot/index.php, line 108

2014-01-01 23:38:30 Notice: Notice (8): Uninitialized string offset: 0 in [/Users/seyia/Documents/WWW/apache2/htdocs/cakephp/starz/Controller/ClientsController.php, line 47]
Trace:
ClientsController::logoUpload() - APP/Controller/ClientsController.php, line 47
ReflectionMethod::invokeArgs() - [internal], line ??
Controller::invokeAction() - CORE/Cake/Controller/Controller.php, line 490
Dispatcher::_invoke() - CORE/Cake/Routing/Dispatcher.php, line 185
Dispatcher::dispatch() - CORE/Cake/Routing/Dispatcher.php, line 160
[main] - APP/webroot/index.php, line 108

2014-01-01 23:38:31 Notice: Notice (8): Uninitialized string offset: 0 in [/Users/seyia/Documents/WWW/apache2/htdocs/cakephp/starz/Controller/ClientsController.php, line 47]
Trace:
ClientsController::logoUpload() - APP/Controller/ClientsController.php, line 47
ReflectionMethod::invokeArgs() - [internal], line ??
Controller::invokeAction() - CORE/Cake/Controller/Controller.php, line 490
Dispatcher::_invoke() - CORE/Cake/Routing/Dispatcher.php, line 185
Dispatcher::dispatch() - CORE/Cake/Routing/Dispatcher.php, line 160
[main] - APP/webroot/index.php, line 108

2014-01-01 23:38:32 Notice: Notice (8): Uninitialized string offset: 0 in [/Users/seyia/Documents/WWW/apache2/htdocs/cakephp/starz/Controller/ClientsController.php, line 47]
Trace:
ClientsController::logoUpload() - APP/Controller/ClientsController.php, line 47
ReflectionMethod::invokeArgs() - [internal], line ??
Controller::invokeAction() - CORE/Cake/Controller/Controller.php, line 490
Dispatcher::_invoke() - CORE/Cake/Routing/Dispatcher.php, line 185
Dispatcher::dispatch() - CORE/Cake/Routing/Dispatcher.php, line 160
[main] - APP/webroot/index.php, line 108

2014-01-01 23:38:32 Notice: Notice (8): Uninitialized string offset: 0 in [/Users/seyia/Documents/WWW/apache2/htdocs/cakephp/starz/Controller/ClientsController.php, line 47]
Trace:
ClientsController::logoUpload() - APP/Controller/ClientsController.php, line 47
ReflectionMethod::invokeArgs() - [internal], line ??
Controller::invokeAction() - CORE/Cake/Controller/Controller.php, line 490
Dispatcher::_invoke() - CORE/Cake/Routing/Dispatcher.php, line 185
Dispatcher::dispatch() - CORE/Cake/Routing/Dispatcher.php, line 160
[main] - APP/webroot/index.php, line 108

2014-01-01 23:38:32 Notice: Notice (8): Uninitialized string offset: 0 in [/Users/seyia/Documents/WWW/apache2/htdocs/cakephp/starz/Controller/ClientsController.php, line 47]
Trace:
ClientsController::logoUpload() - APP/Controller/ClientsController.php, line 47
ReflectionMethod::invokeArgs() - [internal], line ??
Controller::invokeAction() - CORE/Cake/Controller/Controller.php, line 490
Dispatcher::_invoke() - CORE/Cake/Routing/Dispatcher.php, line 185
Dispatcher::dispatch() - CORE/Cake/Routing/Dispatcher.php, line 160
[main] - APP/webroot/index.php, line 108

2014-01-01 23:38:32 Notice: Notice (8): Uninitialized string offset: 0 in [/Users/seyia/Documents/WWW/apache2/htdocs/cakephp/starz/Controller/ClientsController.php, line 47]
Trace:
ClientsController::logoUpload() - APP/Controller/ClientsController.php, line 47
ReflectionMethod::invokeArgs() - [internal], line ??
Controller::invokeAction() - CORE/Cake/Controller/Controller.php, line 490
Dispatcher::_invoke() - CORE/Cake/Routing/Dispatcher.php, line 185
Dispatcher::dispatch() - CORE/Cake/Routing/Dispatcher.php, line 160
[main] - APP/webroot/index.php, line 108

2014-01-01 23:38:33 Notice: Notice (8): Uninitialized string offset: 0 in [/Users/seyia/Documents/WWW/apache2/htdocs/cakephp/starz/Controller/ClientsController.php, line 47]
Trace:
ClientsController::logoUpload() - APP/Controller/ClientsController.php, line 47
ReflectionMethod::invokeArgs() - [internal], line ??
Controller::invokeAction() - CORE/Cake/Controller/Controller.php, line 490
Dispatcher::_invoke() - CORE/Cake/Routing/Dispatcher.php, line 185
Dispatcher::dispatch() - CORE/Cake/Routing/Dispatcher.php, line 160
[main] - APP/webroot/index.php, line 108

2014-01-01 23:38:33 Notice: Notice (8): Uninitialized string offset: 0 in [/Users/seyia/Documents/WWW/apache2/htdocs/cakephp/starz/Controller/ClientsController.php, line 47]
Trace:
ClientsController::logoUpload() - APP/Controller/ClientsController.php, line 47
ReflectionMethod::invokeArgs() - [internal], line ??
Controller::invokeAction() - CORE/Cake/Controller/Controller.php, line 490
Dispatcher::_invoke() - CORE/Cake/Routing/Dispatcher.php, line 185
Dispatcher::dispatch() - CORE/Cake/Routing/Dispatcher.php, line 160
[main] - APP/webroot/index.php, line 108

2014-01-01 23:38:33 Notice: Notice (8): Uninitialized string offset: 0 in [/Users/seyia/Documents/WWW/apache2/htdocs/cakephp/starz/Controller/ClientsController.php, line 47]
Trace:
ClientsController::logoUpload() - APP/Controller/ClientsController.php, line 47
ReflectionMethod::invokeArgs() - [internal], line ??
Controller::invokeAction() - CORE/Cake/Controller/Controller.php, line 490
Dispatcher::_invoke() - CORE/Cake/Routing/Dispatcher.php, line 185
Dispatcher::dispatch() - CORE/Cake/Routing/Dispatcher.php, line 160
[main] - APP/webroot/index.php, line 108

2014-01-01 23:38:34 Notice: Notice (8): Uninitialized string offset: 0 in [/Users/seyia/Documents/WWW/apache2/htdocs/cakephp/starz/Controller/ClientsController.php, line 47]
Trace:
ClientsController::logoUpload() - APP/Controller/ClientsController.php, line 47
ReflectionMethod::invokeArgs() - [internal], line ??
Controller::invokeAction() - CORE/Cake/Controller/Controller.php, line 490
Dispatcher::_invoke() - CORE/Cake/Routing/Dispatcher.php, line 185
Dispatcher::dispatch() - CORE/Cake/Routing/Dispatcher.php, line 160
[main] - APP/webroot/index.php, line 108

2014-01-01 23:38:34 Notice: Notice (8): Uninitialized string offset: 0 in [/Users/seyia/Documents/WWW/apache2/htdocs/cakephp/starz/Controller/ClientsController.php, line 47]
Trace:
ClientsController::logoUpload() - APP/Controller/ClientsController.php, line 47
ReflectionMethod::invokeArgs() - [internal], line ??
Controller::invokeAction() - CORE/Cake/Controller/Controller.php, line 490
Dispatcher::_invoke() - CORE/Cake/Routing/Dispatcher.php, line 185
Dispatcher::dispatch() - CORE/Cake/Routing/Dispatcher.php, line 160
[main] - APP/webroot/index.php, line 108

2014-01-01 23:38:34 Notice: Notice (8): Uninitialized string offset: 0 in [/Users/seyia/Documents/WWW/apache2/htdocs/cakephp/starz/Controller/ClientsController.php, line 47]
Trace:
ClientsController::logoUpload() - APP/Controller/ClientsController.php, line 47
ReflectionMethod::invokeArgs() - [internal], line ??
Controller::invokeAction() - CORE/Cake/Controller/Controller.php, line 490
Dispatcher::_invoke() - CORE/Cake/Routing/Dispatcher.php, line 185
Dispatcher::dispatch() - CORE/Cake/Routing/Dispatcher.php, line 160
[main] - APP/webroot/index.php, line 108

2014-01-01 23:38:34 Notice: Notice (8): Uninitialized string offset: 0 in [/Users/seyia/Documents/WWW/apache2/htdocs/cakephp/starz/Controller/ClientsController.php, line 47]
Trace:
ClientsController::logoUpload() - APP/Controller/ClientsController.php, line 47
ReflectionMethod::invokeArgs() - [internal], line ??
Controller::invokeAction() - CORE/Cake/Controller/Controller.php, line 490
Dispatcher::_invoke() - CORE/Cake/Routing/Dispatcher.php, line 185
Dispatcher::dispatch() - CORE/Cake/Routing/Dispatcher.php, line 160
[main] - APP/webroot/index.php, line 108

2014-01-01 23:38:35 Notice: Notice (8): Uninitialized string offset: 0 in [/Users/seyia/Documents/WWW/apache2/htdocs/cakephp/starz/Controller/ClientsController.php, line 47]
Trace:
ClientsController::logoUpload() - APP/Controller/ClientsController.php, line 47
ReflectionMethod::invokeArgs() - [internal], line ??
Controller::invokeAction() - CORE/Cake/Controller/Controller.php, line 490
Dispatcher::_invoke() - CORE/Cake/Routing/Dispatcher.php, line 185
Dispatcher::dispatch() - CORE/Cake/Routing/Dispatcher.php, line 160
[main] - APP/webroot/index.php, line 108

2014-01-01 23:38:35 Notice: Notice (8): Uninitialized string offset: 0 in [/Users/seyia/Documents/WWW/apache2/htdocs/cakephp/starz/Controller/ClientsController.php, line 47]
Trace:
ClientsController::logoUpload() - APP/Controller/ClientsController.php, line 47
ReflectionMethod::invokeArgs() - [internal], line ??
Controller::invokeAction() - CORE/Cake/Controller/Controller.php, line 490
Dispatcher::_invoke() - CORE/Cake/Routing/Dispatcher.php, line 185
Dispatcher::dispatch() - CORE/Cake/Routing/Dispatcher.php, line 160
[main] - APP/webroot/index.php, line 108

2014-01-01 23:38:36 Notice: Notice (8): Uninitialized string offset: 0 in [/Users/seyia/Documents/WWW/apache2/htdocs/cakephp/starz/Controller/ClientsController.php, line 47]
Trace:
ClientsController::logoUpload() - APP/Controller/ClientsController.php, line 47
ReflectionMethod::invokeArgs() - [internal], line ??
Controller::invokeAction() - CORE/Cake/Controller/Controller.php, line 490
Dispatcher::_invoke() - CORE/Cake/Routing/Dispatcher.php, line 185
Dispatcher::dispatch() - CORE/Cake/Routing/Dispatcher.php, line 160
[main] - APP/webroot/index.php, line 108

2014-01-01 23:38:36 Notice: Notice (8): Uninitialized string offset: 0 in [/Users/seyia/Documents/WWW/apache2/htdocs/cakephp/starz/Controller/ClientsController.php, line 47]
Trace:
ClientsController::logoUpload() - APP/Controller/ClientsController.php, line 47
ReflectionMethod::invokeArgs() - [internal], line ??
Controller::invokeAction() - CORE/Cake/Controller/Controller.php, line 490
Dispatcher::_invoke() - CORE/Cake/Routing/Dispatcher.php, line 185
Dispatcher::dispatch() - CORE/Cake/Routing/Dispatcher.php, line 160
[main] - APP/webroot/index.php, line 108

2014-01-01 23:38:36 Notice: Notice (8): Uninitialized string offset: 0 in [/Users/seyia/Documents/WWW/apache2/htdocs/cakephp/starz/Controller/ClientsController.php, line 47]
Trace:
ClientsController::logoUpload() - APP/Controller/ClientsController.php, line 47
ReflectionMethod::invokeArgs() - [internal], line ??
Controller::invokeAction() - CORE/Cake/Controller/Controller.php, line 490
Dispatcher::_invoke() - CORE/Cake/Routing/Dispatcher.php, line 185
Dispatcher::dispatch() - CORE/Cake/Routing/Dispatcher.php, line 160
[main] - APP/webroot/index.php, line 108

2014-01-01 23:38:36 Notice: Notice (8): Uninitialized string offset: 0 in [/Users/seyia/Documents/WWW/apache2/htdocs/cakephp/starz/Controller/ClientsController.php, line 47]
Trace:
ClientsController::logoUpload() - APP/Controller/ClientsController.php, line 47
ReflectionMethod::invokeArgs() - [internal], line ??
Controller::invokeAction() - CORE/Cake/Controller/Controller.php, line 490
Dispatcher::_invoke() - CORE/Cake/Routing/Dispatcher.php, line 185
Dispatcher::dispatch() - CORE/Cake/Routing/Dispatcher.php, line 160
[main] - APP/webroot/index.php, line 108

2014-01-01 23:38:37 Notice: Notice (8): Uninitialized string offset: 0 in [/Users/seyia/Documents/WWW/apache2/htdocs/cakephp/starz/Controller/ClientsController.php, line 47]
Trace:
ClientsController::logoUpload() - APP/Controller/ClientsController.php, line 47
ReflectionMethod::invokeArgs() - [internal], line ??
Controller::invokeAction() - CORE/Cake/Controller/Controller.php, line 490
Dispatcher::_invoke() - CORE/Cake/Routing/Dispatcher.php, line 185
Dispatcher::dispatch() - CORE/Cake/Routing/Dispatcher.php, line 160
[main] - APP/webroot/index.php, line 108

2014-01-01 23:38:37 Notice: Notice (8): Uninitialized string offset: 0 in [/Users/seyia/Documents/WWW/apache2/htdocs/cakephp/starz/Controller/ClientsController.php, line 47]
Trace:
ClientsController::logoUpload() - APP/Controller/ClientsController.php, line 47
ReflectionMethod::invokeArgs() - [internal], line ??
Controller::invokeAction() - CORE/Cake/Controller/Controller.php, line 490
Dispatcher::_invoke() - CORE/Cake/Routing/Dispatcher.php, line 185
Dispatcher::dispatch() - CORE/Cake/Routing/Dispatcher.php, line 160
[main] - APP/webroot/index.php, line 108

2014-01-01 23:38:37 Notice: Notice (8): Uninitialized string offset: 0 in [/Users/seyia/Documents/WWW/apache2/htdocs/cakephp/starz/Controller/ClientsController.php, line 47]
Trace:
ClientsController::logoUpload() - APP/Controller/ClientsController.php, line 47
ReflectionMethod::invokeArgs() - [internal], line ??
Controller::invokeAction() - CORE/Cake/Controller/Controller.php, line 490
Dispatcher::_invoke() - CORE/Cake/Routing/Dispatcher.php, line 185
Dispatcher::dispatch() - CORE/Cake/Routing/Dispatcher.php, line 160
[main] - APP/webroot/index.php, line 108

2014-01-01 23:41:57 Notice: Notice (8): Uninitialized string offset: 0 in [/Users/seyia/Documents/WWW/apache2/htdocs/cakephp/starz/Controller/ClientsController.php, line 47]
Trace:
ClientsController::logoUpload() - APP/Controller/ClientsController.php, line 47
ReflectionMethod::invokeArgs() - [internal], line ??
Controller::invokeAction() - CORE/Cake/Controller/Controller.php, line 490
Dispatcher::_invoke() - CORE/Cake/Routing/Dispatcher.php, line 185
Dispatcher::dispatch() - CORE/Cake/Routing/Dispatcher.php, line 160
[main] - APP/webroot/index.php, line 108

2014-01-01 23:41:58 Notice: Notice (8): Uninitialized string offset: 0 in [/Users/seyia/Documents/WWW/apache2/htdocs/cakephp/starz/Controller/ClientsController.php, line 47]
Trace:
ClientsController::logoUpload() - APP/Controller/ClientsController.php, line 47
ReflectionMethod::invokeArgs() - [internal], line ??
Controller::invokeAction() - CORE/Cake/Controller/Controller.php, line 490
Dispatcher::_invoke() - CORE/Cake/Routing/Dispatcher.php, line 185
Dispatcher::dispatch() - CORE/Cake/Routing/Dispatcher.php, line 160
[main] - APP/webroot/index.php, line 108

2014-01-01 23:41:58 Notice: Notice (8): Uninitialized string offset: 0 in [/Users/seyia/Documents/WWW/apache2/htdocs/cakephp/starz/Controller/ClientsController.php, line 47]
Trace:
ClientsController::logoUpload() - APP/Controller/ClientsController.php, line 47
ReflectionMethod::invokeArgs() - [internal], line ??
Controller::invokeAction() - CORE/Cake/Controller/Controller.php, line 490
Dispatcher::_invoke() - CORE/Cake/Routing/Dispatcher.php, line 185
Dispatcher::dispatch() - CORE/Cake/Routing/Dispatcher.php, line 160
[main] - APP/webroot/index.php, line 108

2014-01-01 23:41:58 Notice: Notice (8): Uninitialized string offset: 0 in [/Users/seyia/Documents/WWW/apache2/htdocs/cakephp/starz/Controller/ClientsController.php, line 47]
Trace:
ClientsController::logoUpload() - APP/Controller/ClientsController.php, line 47
ReflectionMethod::invokeArgs() - [internal], line ??
Controller::invokeAction() - CORE/Cake/Controller/Controller.php, line 490
Dispatcher::_invoke() - CORE/Cake/Routing/Dispatcher.php, line 185
Dispatcher::dispatch() - CORE/Cake/Routing/Dispatcher.php, line 160
[main] - APP/webroot/index.php, line 108

2014-01-01 23:41:58 Notice: Notice (8): Uninitialized string offset: 0 in [/Users/seyia/Documents/WWW/apache2/htdocs/cakephp/starz/Controller/ClientsController.php, line 47]
Trace:
ClientsController::logoUpload() - APP/Controller/ClientsController.php, line 47
ReflectionMethod::invokeArgs() - [internal], line ??
Controller::invokeAction() - CORE/Cake/Controller/Controller.php, line 490
Dispatcher::_invoke() - CORE/Cake/Routing/Dispatcher.php, line 185
Dispatcher::dispatch() - CORE/Cake/Routing/Dispatcher.php, line 160
[main] - APP/webroot/index.php, line 108

2014-01-01 23:41:59 Notice: Notice (8): Uninitialized string offset: 0 in [/Users/seyia/Documents/WWW/apache2/htdocs/cakephp/starz/Controller/ClientsController.php, line 47]
Trace:
ClientsController::logoUpload() - APP/Controller/ClientsController.php, line 47
ReflectionMethod::invokeArgs() - [internal], line ??
Controller::invokeAction() - CORE/Cake/Controller/Controller.php, line 490
Dispatcher::_invoke() - CORE/Cake/Routing/Dispatcher.php, line 185
Dispatcher::dispatch() - CORE/Cake/Routing/Dispatcher.php, line 160
[main] - APP/webroot/index.php, line 108

2014-01-01 23:42:19 Notice: Notice (8): Uninitialized string offset: 0 in [/Users/seyia/Documents/WWW/apache2/htdocs/cakephp/starz/Controller/ClientsController.php, line 47]
Trace:
ClientsController::logoUpload() - APP/Controller/ClientsController.php, line 47
ReflectionMethod::invokeArgs() - [internal], line ??
Controller::invokeAction() - CORE/Cake/Controller/Controller.php, line 490
Dispatcher::_invoke() - CORE/Cake/Routing/Dispatcher.php, line 185
Dispatcher::dispatch() - CORE/Cake/Routing/Dispatcher.php, line 160
[main] - APP/webroot/index.php, line 108

2014-01-01 23:42:19 Notice: Notice (8): Uninitialized string offset: 0 in [/Users/seyia/Documents/WWW/apache2/htdocs/cakephp/starz/Controller/ClientsController.php, line 47]
Trace:
ClientsController::logoUpload() - APP/Controller/ClientsController.php, line 47
ReflectionMethod::invokeArgs() - [internal], line ??
Controller::invokeAction() - CORE/Cake/Controller/Controller.php, line 490
Dispatcher::_invoke() - CORE/Cake/Routing/Dispatcher.php, line 185
Dispatcher::dispatch() - CORE/Cake/Routing/Dispatcher.php, line 160
[main] - APP/webroot/index.php, line 108

2014-01-01 23:42:20 Notice: Notice (8): Uninitialized string offset: 0 in [/Users/seyia/Documents/WWW/apache2/htdocs/cakephp/starz/Controller/ClientsController.php, line 47]
Trace:
ClientsController::logoUpload() - APP/Controller/ClientsController.php, line 47
ReflectionMethod::invokeArgs() - [internal], line ??
Controller::invokeAction() - CORE/Cake/Controller/Controller.php, line 490
Dispatcher::_invoke() - CORE/Cake/Routing/Dispatcher.php, line 185
Dispatcher::dispatch() - CORE/Cake/Routing/Dispatcher.php, line 160
[main] - APP/webroot/index.php, line 108

2014-01-01 23:43:20 Notice: Notice (8): Uninitialized string offset: 0 in [/Users/seyia/Documents/WWW/apache2/htdocs/cakephp/starz/Controller/ClientsController.php, line 47]
Trace:
ClientsController::logoUpload() - APP/Controller/ClientsController.php, line 47
ReflectionMethod::invokeArgs() - [internal], line ??
Controller::invokeAction() - CORE/Cake/Controller/Controller.php, line 490
Dispatcher::_invoke() - CORE/Cake/Routing/Dispatcher.php, line 185
Dispatcher::dispatch() - CORE/Cake/Routing/Dispatcher.php, line 160
[main] - APP/webroot/index.php, line 108

2014-01-01 23:44:30 Notice: Notice (8): Undefined variable: response in [/Users/seyia/Documents/WWW/apache2/htdocs/cakephp/starz/Controller/ClientsController.php, line 72]
Trace:
ClientsController::logoUpload() - APP/Controller/ClientsController.php, line 72
ReflectionMethod::invokeArgs() - [internal], line ??
Controller::invokeAction() - CORE/Cake/Controller/Controller.php, line 490
Dispatcher::_invoke() - CORE/Cake/Routing/Dispatcher.php, line 185
Dispatcher::dispatch() - CORE/Cake/Routing/Dispatcher.php, line 160
[main] - APP/webroot/index.php, line 108

2014-01-01 23:44:46 Notice: Notice (8): Undefined variable: response in [/Users/seyia/Documents/WWW/apache2/htdocs/cakephp/starz/Controller/ClientsController.php, line 72]
Trace:
ClientsController::logoUpload() - APP/Controller/ClientsController.php, line 72
ReflectionMethod::invokeArgs() - [internal], line ??
Controller::invokeAction() - CORE/Cake/Controller/Controller.php, line 490
Dispatcher::_invoke() - CORE/Cake/Routing/Dispatcher.php, line 185
Dispatcher::dispatch() - CORE/Cake/Routing/Dispatcher.php, line 160
[main] - APP/webroot/index.php, line 108

2014-01-01 23:44:47 Notice: Notice (8): Undefined variable: response in [/Users/seyia/Documents/WWW/apache2/htdocs/cakephp/starz/Controller/ClientsController.php, line 72]
Trace:
ClientsController::logoUpload() - APP/Controller/ClientsController.php, line 72
ReflectionMethod::invokeArgs() - [internal], line ??
Controller::invokeAction() - CORE/Cake/Controller/Controller.php, line 490
Dispatcher::_invoke() - CORE/Cake/Routing/Dispatcher.php, line 185
Dispatcher::dispatch() - CORE/Cake/Routing/Dispatcher.php, line 160
[main] - APP/webroot/index.php, line 108

2014-01-01 23:44:48 Notice: Notice (8): Undefined variable: response in [/Users/seyia/Documents/WWW/apache2/htdocs/cakephp/starz/Controller/ClientsController.php, line 72]
Trace:
ClientsController::logoUpload() - APP/Controller/ClientsController.php, line 72
ReflectionMethod::invokeArgs() - [internal], line ??
Controller::invokeAction() - CORE/Cake/Controller/Controller.php, line 490
Dispatcher::_invoke() - CORE/Cake/Routing/Dispatcher.php, line 185
Dispatcher::dispatch() - CORE/Cake/Routing/Dispatcher.php, line 160
[main] - APP/webroot/index.php, line 108

2014-01-01 23:44:48 Notice: Notice (8): Undefined variable: response in [/Users/seyia/Documents/WWW/apache2/htdocs/cakephp/starz/Controller/ClientsController.php, line 72]
Trace:
ClientsController::logoUpload() - APP/Controller/ClientsController.php, line 72
ReflectionMethod::invokeArgs() - [internal], line ??
Controller::invokeAction() - CORE/Cake/Controller/Controller.php, line 490
Dispatcher::_invoke() - CORE/Cake/Routing/Dispatcher.php, line 185
Dispatcher::dispatch() - CORE/Cake/Routing/Dispatcher.php, line 160
[main] - APP/webroot/index.php, line 108

2014-01-01 23:44:48 Notice: Notice (8): Undefined variable: response in [/Users/seyia/Documents/WWW/apache2/htdocs/cakephp/starz/Controller/ClientsController.php, line 72]
Trace:
ClientsController::logoUpload() - APP/Controller/ClientsController.php, line 72
ReflectionMethod::invokeArgs() - [internal], line ??
Controller::invokeAction() - CORE/Cake/Controller/Controller.php, line 490
Dispatcher::_invoke() - CORE/Cake/Routing/Dispatcher.php, line 185
Dispatcher::dispatch() - CORE/Cake/Routing/Dispatcher.php, line 160
[main] - APP/webroot/index.php, line 108

2014-01-01 23:44:49 Notice: Notice (8): Undefined variable: response in [/Users/seyia/Documents/WWW/apache2/htdocs/cakephp/starz/Controller/ClientsController.php, line 72]
Trace:
ClientsController::logoUpload() - APP/Controller/ClientsController.php, line 72
ReflectionMethod::invokeArgs() - [internal], line ??
Controller::invokeAction() - CORE/Cake/Controller/Controller.php, line 490
Dispatcher::_invoke() - CORE/Cake/Routing/Dispatcher.php, line 185
Dispatcher::dispatch() - CORE/Cake/Routing/Dispatcher.php, line 160
[main] - APP/webroot/index.php, line 108

2014-01-01 23:44:49 Notice: Notice (8): Undefined variable: response in [/Users/seyia/Documents/WWW/apache2/htdocs/cakephp/starz/Controller/ClientsController.php, line 72]
Trace:
ClientsController::logoUpload() - APP/Controller/ClientsController.php, line 72
ReflectionMethod::invokeArgs() - [internal], line ??
Controller::invokeAction() - CORE/Cake/Controller/Controller.php, line 490
Dispatcher::_invoke() - CORE/Cake/Routing/Dispatcher.php, line 185
Dispatcher::dispatch() - CORE/Cake/Routing/Dispatcher.php, line 160
[main] - APP/webroot/index.php, line 108

2014-01-01 23:44:49 Notice: Notice (8): Undefined variable: response in [/Users/seyia/Documents/WWW/apache2/htdocs/cakephp/starz/Controller/ClientsController.php, line 72]
Trace:
ClientsController::logoUpload() - APP/Controller/ClientsController.php, line 72
ReflectionMethod::invokeArgs() - [internal], line ??
Controller::invokeAction() - CORE/Cake/Controller/Controller.php, line 490
Dispatcher::_invoke() - CORE/Cake/Routing/Dispatcher.php, line 185
Dispatcher::dispatch() - CORE/Cake/Routing/Dispatcher.php, line 160
[main] - APP/webroot/index.php, line 108

2014-01-01 23:44:50 Notice: Notice (8): Undefined variable: response in [/Users/seyia/Documents/WWW/apache2/htdocs/cakephp/starz/Controller/ClientsController.php, line 72]
Trace:
ClientsController::logoUpload() - APP/Controller/ClientsController.php, line 72
ReflectionMethod::invokeArgs() - [internal], line ??
Controller::invokeAction() - CORE/Cake/Controller/Controller.php, line 490
Dispatcher::_invoke() - CORE/Cake/Routing/Dispatcher.php, line 185
Dispatcher::dispatch() - CORE/Cake/Routing/Dispatcher.php, line 160
[main] - APP/webroot/index.php, line 108

2014-01-01 23:44:50 Notice: Notice (8): Undefined variable: response in [/Users/seyia/Documents/WWW/apache2/htdocs/cakephp/starz/Controller/ClientsController.php, line 72]
Trace:
ClientsController::logoUpload() - APP/Controller/ClientsController.php, line 72
ReflectionMethod::invokeArgs() - [internal], line ??
Controller::invokeAction() - CORE/Cake/Controller/Controller.php, line 490
Dispatcher::_invoke() - CORE/Cake/Routing/Dispatcher.php, line 185
Dispatcher::dispatch() - CORE/Cake/Routing/Dispatcher.php, line 160
[main] - APP/webroot/index.php, line 108

2014-01-01 23:44:50 Notice: Notice (8): Undefined variable: response in [/Users/seyia/Documents/WWW/apache2/htdocs/cakephp/starz/Controller/ClientsController.php, line 72]
Trace:
ClientsController::logoUpload() - APP/Controller/ClientsController.php, line 72
ReflectionMethod::invokeArgs() - [internal], line ??
Controller::invokeAction() - CORE/Cake/Controller/Controller.php, line 490
Dispatcher::_invoke() - CORE/Cake/Routing/Dispatcher.php, line 185
Dispatcher::dispatch() - CORE/Cake/Routing/Dispatcher.php, line 160
[main] - APP/webroot/index.php, line 108

2014-01-01 23:44:50 Notice: Notice (8): Undefined variable: response in [/Users/seyia/Documents/WWW/apache2/htdocs/cakephp/starz/Controller/ClientsController.php, line 72]
Trace:
ClientsController::logoUpload() - APP/Controller/ClientsController.php, line 72
ReflectionMethod::invokeArgs() - [internal], line ??
Controller::invokeAction() - CORE/Cake/Controller/Controller.php, line 490
Dispatcher::_invoke() - CORE/Cake/Routing/Dispatcher.php, line 185
Dispatcher::dispatch() - CORE/Cake/Routing/Dispatcher.php, line 160
[main] - APP/webroot/index.php, line 108

2014-01-01 23:44:51 Notice: Notice (8): Undefined variable: response in [/Users/seyia/Documents/WWW/apache2/htdocs/cakephp/starz/Controller/ClientsController.php, line 72]
Trace:
ClientsController::logoUpload() - APP/Controller/ClientsController.php, line 72
ReflectionMethod::invokeArgs() - [internal], line ??
Controller::invokeAction() - CORE/Cake/Controller/Controller.php, line 490
Dispatcher::_invoke() - CORE/Cake/Routing/Dispatcher.php, line 185
Dispatcher::dispatch() - CORE/Cake/Routing/Dispatcher.php, line 160
[main] - APP/webroot/index.php, line 108

2014-01-01 23:45:39 Notice: Notice (8): Uninitialized string offset: 0 in [/Users/seyia/Documents/WWW/apache2/htdocs/cakephp/starz/Controller/ClientsController.php, line 47]
Trace:
ClientsController::logoUpload() - APP/Controller/ClientsController.php, line 47
ReflectionMethod::invokeArgs() - [internal], line ??
Controller::invokeAction() - CORE/Cake/Controller/Controller.php, line 490
Dispatcher::_invoke() - CORE/Cake/Routing/Dispatcher.php, line 185
Dispatcher::dispatch() - CORE/Cake/Routing/Dispatcher.php, line 160
[main] - APP/webroot/index.php, line 108

2014-01-01 23:47:21 Notice: Notice (8): Uninitialized string offset: 0 in [/Users/seyia/Documents/WWW/apache2/htdocs/cakephp/starz/Controller/ClientsController.php, line 47]
Trace:
ClientsController::logoUpload() - APP/Controller/ClientsController.php, line 47
ReflectionMethod::invokeArgs() - [internal], line ??
Controller::invokeAction() - CORE/Cake/Controller/Controller.php, line 490
Dispatcher::_invoke() - CORE/Cake/Routing/Dispatcher.php, line 185
Dispatcher::dispatch() - CORE/Cake/Routing/Dispatcher.php, line 160
[main] - APP/webroot/index.php, line 108

